[0m[[0m[0mdebug[0m] [0m[0m> Exec(run, Some(a3c247d1-7cf6-471e-b28b-2313ef694f84), Some(CommandSource(console0)))[0m
[0m[[0m[0mdebug[0m] [0m[0mEvaluating tasks: Compile / run[0m
[0m[[0m[0mdebug[0m] [0m[0mRunning task... Cancel: Signal, check cycles: false, forcegc: true[0m
[0m[[0m[0mdebug[0m] [0m[0mjsonRpcNotify: JsonRpcNotificationMessage(2.0, build/taskStart, {"taskId":{"id":"18","parents":[]},"eventTime":1661937740192,"message":"Compiling healthcalculator","dataKind":"compile-task","data":{"target":{"uri":"file:/C:/Users/Peh/Desktop/HealthCalculator/#healthcalculator/Compile"}}})[0m
[0m[[0m[0mdebug[0m] [0m[0mjsonRpcNotify: JsonRpcNotificationMessage(2.0, build/publishDiagnostics, {"textDocument":{"uri":"file:///C:/Users/Peh/Desktop/HealthCalculator/src/main/scala/org/PehKimWei/HealthCalculator/view/MaleNavyBodyFatPercentagePageController.scala"},"buildTarget":{"uri":"file:/C:/Users/Peh/Desktop/HealthCalculator/#healthcalculator/Compile"},"diagnostics":[],"reset":true})[0m
[0m[[0m[0mdebug[0m] [0m[0mjsonRpcNotify: JsonRpcNotificationMessage(2.0, build/publishDiagnostics, {"textDocument":{"uri":"file:///C:/Users/Peh/Desktop/HealthCalculator/src/main/scala/org/PehKimWei/HealthCalculator/view/MaleLeanBodyMassPageController.scala"},"buildTarget":{"uri":"file:/C:/Users/Peh/Desktop/HealthCalculator/#healthcalculator/Compile"},"diagnostics":[],"reset":true})[0m
[0m[[0m[0mdebug[0m] [0m[0mjsonRpcNotify: JsonRpcNotificationMessage(2.0, build/publishDiagnostics, {"textDocument":{"uri":"file:///C:/Users/Peh/Desktop/HealthCalculator/src/main/scala/org/PehKimWei/HealthCalculator/view/BMIPageController.scala"},"buildTarget":{"uri":"file:/C:/Users/Peh/Desktop/HealthCalculator/#healthcalculator/Compile"},"diagnostics":[],"reset":true})[0m
[0m[[0m[0mdebug[0m] [0m[0mjsonRpcNotify: JsonRpcNotificationMessage(2.0, build/publishDiagnostics, {"textDocument":{"uri":"file:///C:/Users/Peh/Desktop/HealthCalculator/src/main/scala/org/PehKimWei/HealthCalculator/MainApp.scala"},"buildTarget":{"uri":"file:/C:/Users/Peh/Desktop/HealthCalculator/#healthcalculator/Compile"},"diagnostics":[],"reset":true})[0m
[0m[[0m[0mdebug[0m] [0m[0mjsonRpcNotify: JsonRpcNotificationMessage(2.0, build/publishDiagnostics, {"textDocument":{"uri":"file:///C:/Users/Peh/Desktop/HealthCalculator/src/main/scala/org/PehKimWei/HealthCalculator/view/FemaleNavyBodyFatPercentagePageController.scala"},"buildTarget":{"uri":"file:/C:/Users/Peh/Desktop/HealthCalculator/#healthcalculator/Compile"},"diagnostics":[],"reset":true})[0m
[0m[[0m[0mdebug[0m] [0m[0mjsonRpcNotify: JsonRpcNotificationMessage(2.0, build/publishDiagnostics, {"textDocument":{"uri":"file:///C:/Users/Peh/Desktop/HealthCalculator/src/main/scala/org/PehKimWei/HealthCalculator/view/ErrorHandler.scala"},"buildTarget":{"uri":"file:/C:/Users/Peh/Desktop/HealthCalculator/#healthcalculator/Compile"},"diagnostics":[],"reset":true})[0m
[0m[[0m[0mdebug[0m] [0m[0mjsonRpcNotify: JsonRpcNotificationMessage(2.0, build/publishDiagnostics, {"textDocument":{"uri":"file:///C:/Users/Peh/Desktop/HealthCalculator/src/main/scala/org/PehKimWei/HealthCalculator/view/ButtonHandler.scala"},"buildTarget":{"uri":"file:/C:/Users/Peh/Desktop/HealthCalculator/#healthcalculator/Compile"},"diagnostics":[],"reset":true})[0m
[0m[[0m[0mdebug[0m] [0m[0mjsonRpcNotify: JsonRpcNotificationMessage(2.0, build/publishDiagnostics, {"textDocument":{"uri":"file:///C:/Users/Peh/Desktop/HealthCalculator/src/main/scala/org/PehKimWei/HealthCalculator/model/HealthCalculator.scala"},"buildTarget":{"uri":"file:/C:/Users/Peh/Desktop/HealthCalculator/#healthcalculator/Compile"},"diagnostics":[],"reset":true})[0m
[0m[[0m[0mdebug[0m] [0m[0mjsonRpcNotify: JsonRpcNotificationMessage(2.0, build/publishDiagnostics, {"textDocument":{"uri":"file:///C:/Users/Peh/Desktop/HealthCalculator/src/main/scala/org/PehKimWei/HealthCalculator/view/FemaleLeanBodyMassPageController.scala"},"buildTarget":{"uri":"file:/C:/Users/Peh/Desktop/HealthCalculator/#healthcalculator/Compile"},"diagnostics":[],"reset":true})[0m
[0m[[0m[0mdebug[0m] [0m[0mjsonRpcNotify: JsonRpcNotificationMessage(2.0, build/publishDiagnostics, {"textDocument":{"uri":"file:///C:/Users/Peh/Desktop/HealthCalculator/src/main/scala/org/PehKimWei/HealthCalculator/model/LBMCalc.scala"},"buildTarget":{"uri":"file:/C:/Users/Peh/Desktop/HealthCalculator/#healthcalculator/Compile"},"diagnostics":[],"reset":true})[0m
[0m[[0m[0mdebug[0m] [0m[0mjsonRpcNotify: JsonRpcNotificationMessage(2.0, build/publishDiagnostics, {"textDocument":{"uri":"file:///C:/Users/Peh/Desktop/HealthCalculator/src/main/scala/org/PehKimWei/HealthCalculator/model/NavyBodyFatPercentageCalc.scala"},"buildTarget":{"uri":"file:/C:/Users/Peh/Desktop/HealthCalculator/#healthcalculator/Compile"},"diagnostics":[],"reset":true})[0m
[0m[[0m[0mdebug[0m] [0m[0mjsonRpcNotify: JsonRpcNotificationMessage(2.0, build/publishDiagnostics, {"textDocument":{"uri":"file:///C:/Users/Peh/Desktop/HealthCalculator/src/main/scala/org/PehKimWei/HealthCalculator/view/MenuPageController.scala"},"buildTarget":{"uri":"file:/C:/Users/Peh/Desktop/HealthCalculator/#healthcalculator/Compile"},"diagnostics":[],"reset":true})[0m
[0m[[0m[0mdebug[0m] [0m[0mjsonRpcNotify: JsonRpcNotificationMessage(2.0, build/publishDiagnostics, {"textDocument":{"uri":"file:///C:/Users/Peh/Desktop/HealthCalculator/src/main/scala/org/PehKimWei/HealthCalculator/view/WelcomePageController.scala"},"buildTarget":{"uri":"file:/C:/Users/Peh/Desktop/HealthCalculator/#healthcalculator/Compile"},"diagnostics":[],"reset":true})[0m
[0m[[0m[0mdebug[0m] [0m[0mjsonRpcNotify: JsonRpcNotificationMessage(2.0, build/publishDiagnostics, {"textDocument":{"uri":"file:///C:/Users/Peh/Desktop/HealthCalculator/src/main/scala/org/PehKimWei/HealthCalculator/model/BMICalc.scala"},"buildTarget":{"uri":"file:/C:/Users/Peh/Desktop/HealthCalculator/#healthcalculator/Compile"},"diagnostics":[],"reset":true})[0m
[0m[[0m[0mdebug[0m] [0m[0mjsonRpcNotify: JsonRpcNotificationMessage(2.0, build/taskFinish, {"taskId":{"id":"18","parents":[]},"eventTime":1661937740208,"message":"Compiled healthcalculator","status":1,"dataKind":"compile-report","data":{"target":{"uri":"file:/C:/Users/Peh/Desktop/HealthCalculator/#healthcalculator/Compile"},"errors":0,"warnings":0,"time":16}})[0m
[0m[[0m[0mdebug[0m] [0m[0mjsonRpcNotify: JsonRpcNotificationMessage(2.0, build/logMessage, {"type":3,"message":"running (fork) org.PehKimWei.HealthCalculator.MainApp "})[0m
[0m[[0m[0mdebug[0m] [0m[0mjsonRpcNotify: JsonRpcNotificationMessage(2.0, build/logMessage, {"type":1,"message":"java.lang.UnsupportedClassVersionError: javafx/fxml/FXMLLoader has been compiled by a more recent version of the Java Runtime (class file version 54.0), this version of the Java Runtime only recognizes class file versions up to 52.0"})[0m
[0m[[0m[0mdebug[0m] [0m[0mjsonRpcNotify: JsonRpcNotificationMessage(2.0, build/logMessage, {"type":1,"message":"\tat java.lang.ClassLoader.defineClass1(Native Method)"})[0m
[0m[[0m[0mdebug[0m] [0m[0mjsonRpcNotify: JsonRpcNotificationMessage(2.0, build/logMessage, {"type":1,"message":"\tat java.lang.ClassLoader.defineClass(ClassLoader.java:756)"})[0m
[0m[[0m[0mdebug[0m] [0m[0mjsonRpcNotify: JsonRpcNotificationMessage(2.0, build/logMessage, {"type":1,"message":"\tat java.security.SecureClassLoader.defineClass(SecureClassLoader.java:142)"})[0m
[0m[[0m[0mdebug[0m] [0m[0mjsonRpcNotify: JsonRpcNotificationMessage(2.0, build/logMessage, {"type":1,"message":"\tat java.net.URLClassLoader.defineClass(URLClassLoader.java:473)"})[0m
[0m[[0m[0mdebug[0m] [0m[0mjsonRpcNotify: JsonRpcNotificationMessage(2.0, build/logMessage, {"type":1,"message":"\tat java.net.URLClassLoader.access$100(URLClassLoader.java:74)"})[0m
[0m[[0m[0mdebug[0m] [0m[0mjsonRpcNotify: JsonRpcNotificationMessage(2.0, build/logMessage, {"type":1,"message":"\tat java.net.URLClassLoader$1.run(URLClassLoader.java:369)"})[0m
[0m[[0m[0mdebug[0m] [0m[0mjsonRpcNotify: JsonRpcNotificationMessage(2.0, build/logMessage, {"type":1,"message":"\tat java.net.URLClassLoader$1.run(URLClassLoader.java:363)"})[0m
[0m[[0m[0mdebug[0m] [0m[0mjsonRpcNotify: JsonRpcNotificationMessage(2.0, build/logMessage, {"type":1,"message":"\tat java.security.AccessController.doPrivileged(Native Method)"})[0m
[0m[[0m[0mdebug[0m] [0m[0mjsonRpcNotify: JsonRpcNotificationMessage(2.0, build/logMessage, {"type":1,"message":"\tat java.net.URLClassLoader.findClass(URLClassLoader.java:362)"})[0m
[0m[[0m[0mdebug[0m] [0m[0mjsonRpcNotify: JsonRpcNotificationMessage(2.0, build/logMessage, {"type":1,"message":"\tat java.lang.ClassLoader.loadClass(ClassLoader.java:418)"})[0m
[0m[[0m[0mdebug[0m] [0m[0mjsonRpcNotify: JsonRpcNotificationMessage(2.0, build/logMessage, {"type":1,"message":"\tat sun.misc.Launcher$AppClassLoader.loadClass(Launcher.java:352)"})[0m
[0m[[0m[0mdebug[0m] [0m[0mjsonRpcNotify: JsonRpcNotificationMessage(2.0, build/logMessage, {"type":1,"message":"\tat java.lang.ClassLoader.loadClass(ClassLoader.java:351)"})[0m
[0m[[0m[0mdebug[0m] [0m[0mjsonRpcNotify: JsonRpcNotificationMessage(2.0, build/logMessage, {"type":1,"message":"\tat java.lang.ClassLoader.defineClass1(Native Method)"})[0m
[0m[[0m[0mdebug[0m] [0m[0mjsonRpcNotify: JsonRpcNotificationMessage(2.0, build/logMessage, {"type":1,"message":"\tat java.lang.ClassLoader.defineClass(ClassLoader.java:756)"})[0m
[0m[[0m[0mdebug[0m] [0m[0mjsonRpcNotify: JsonRpcNotificationMessage(2.0, build/logMessage, {"type":1,"message":"\tat java.security.SecureClassLoader.defineClass(SecureClassLoader.java:142)"})[0m
[0m[[0m[0mdebug[0m] [0m[0mjsonRpcNotify: JsonRpcNotificationMessage(2.0, build/logMessage, {"type":1,"message":"\tat java.net.URLClassLoader.defineClass(URLClassLoader.java:473)"})[0m
[0m[[0m[0mdebug[0m] [0m[0mjsonRpcNotify: JsonRpcNotificationMessage(2.0, build/logMessage, {"type":1,"message":"\tat java.net.URLClassLoader.access$100(URLClassLoader.java:74)"})[0m
[0m[[0m[0mdebug[0m] [0m[0mjsonRpcNotify: JsonRpcNotificationMessage(2.0, build/logMessage, {"type":1,"message":"\tat java.net.URLClassLoader$1.run(URLClassLoader.java:369)"})[0m
[0m[[0m[0mdebug[0m] [0m[0mjsonRpcNotify: JsonRpcNotificationMessage(2.0, build/logMessage, {"type":1,"message":"\tat java.net.URLClassLoader$1.run(URLClassLoader.java:363)"})[0m
[0m[[0m[0mdebug[0m] [0m[0mjsonRpcNotify: JsonRpcNotificationMessage(2.0, build/logMessage, {"type":1,"message":"\tat java.security.AccessController.doPrivileged(Native Method)"})[0m
[0m[[0m[0mdebug[0m] [0m[0mjsonRpcNotify: JsonRpcNotificationMessage(2.0, build/logMessage, {"type":1,"message":"\tat java.net.URLClassLoader.findClass(URLClassLoader.java:362)"})[0m
[0m[[0m[0mdebug[0m] [0m[0mjsonRpcNotify: JsonRpcNotificationMessage(2.0, build/logMessage, {"type":1,"message":"\tat java.lang.ClassLoader.loadClass(ClassLoader.java:418)"})[0m
[0m[[0m[0mdebug[0m] [0m[0mjsonRpcNotify: JsonRpcNotificationMessage(2.0, build/logMessage, {"type":1,"message":"\tat sun.misc.Launcher$AppClassLoader.loadClass(Launcher.java:352)"})[0m
[0m[[0m[0mdebug[0m] [0m[0mjsonRpcNotify: JsonRpcNotificationMessage(2.0, build/logMessage, {"type":1,"message":"\tat java.lang.ClassLoader.loadClass(ClassLoader.java:351)"})[0m
[0m[[0m[0mdebug[0m] [0m[0mjsonRpcNotify: JsonRpcNotificationMessage(2.0, build/logMessage, {"type":1,"message":"\tat java.lang.Class.getDeclaredMethods0(Native Method)"})[0m
[0m[[0m[0mdebug[0m] [0m[0mjsonRpcNotify: JsonRpcNotificationMessage(2.0, build/logMessage, {"type":1,"message":"\tat java.lang.Class.privateGetDeclaredMethods(Class.java:2701)"})[0m
[0m[[0m[0mdebug[0m] [0m[0mjsonRpcNotify: JsonRpcNotificationMessage(2.0, build/logMessage, {"type":1,"message":"\tat java.lang.Class.privateGetMethodRecursive(Class.java:3048)"})[0m
[0m[[0m[0mdebug[0m] [0m[0mjsonRpcNotify: JsonRpcNotificationMessage(2.0, build/logMessage, {"type":1,"message":"\tat java.lang.Class.getMethod0(Class.java:3018)"})[0m
[0m[[0m[0mdebug[0m] [0m[0mjsonRpcNotify: JsonRpcNotificationMessage(2.0, build/logMessage, {"type":1,"message":"\tat java.lang.Class.getMethod(Class.java:1784)"})[0m
[0m[[0m[0mdebug[0m] [0m[0mjsonRpcNotify: JsonRpcNotificationMessage(2.0, build/logMessage, {"type":1,"message":"\tat sun.launcher.LauncherHelper.validateMainClass(LauncherHelper.java:650)"})[0m
[0m[[0m[0mdebug[0m] [0m[0mjsonRpcNotify: JsonRpcNotificationMessage(2.0, build/logMessage, {"type":1,"message":"\tat sun.launcher.LauncherHelper.checkAndLoadMain(LauncherHelper.java:632)"})[0m
[0m[[0m[0mdebug[0m] [0m[0mjsonRpcNotify: JsonRpcNotificationMessage(2.0, build/logMessage, {"type":1,"message":"Error: A JNI error has occurred, please check your installation and try again"})[0m
[0m[[0m[0mdebug[0m] [0m[0mjsonRpcNotify: JsonRpcNotificationMessage(2.0, build/logMessage, {"type":1,"message":"Exception in thread \"main\" "})[0m
[0m[[0m[31merror[0m] [0m[0mNonzero exit code returned from runner: 1[0m
[0m[[0m[0mdebug[0m] [0m[0mjsonRpcNotify: JsonRpcNotificationMessage(2.0, build/logMessage, {"type":1,"message":"Nonzero exit code returned from runner: 1"})[0m
[0m[[0m[31merror[0m] [0m[0m(Compile / [31mrun[0m) Nonzero exit code returned from runner: 1[0m
[0m[[0m[0mdebug[0m] [0m[0mjsonRpcNotify: JsonRpcNotificationMessage(2.0, build/logMessage, {"type":1,"message":"(Compile / \u001b[31mrun\u001b[0m) Nonzero exit code returned from runner: 1"})[0m
[0m[[0m[31merror[0m] [0m[0mTotal time: 0 s, completed Aug 31, 2022 5:22:20 PM[0m
[0m[[0m[0mdebug[0m] [0m[0m> Exec(shell, None, None)[0m
